# JRE version: OpenJDK Runtime Environment Temurin-21.0.12.1+1 (21.0.12.1+1) (build 21.0.12.1+1-LTS)
# Java VM: OpenJDK 64-Bit Server VM Temurin-21.0.12.1+1 (21.0.12.1+1-LTS, mixed mode, sharing, tiered, compressed oops, compressed class ptrs, parallel gc, windows-amd64)
GC Precious Log:
 CardTable entry size: 512
 CPUs: 4 total, 4 available
 Memory: 8071M
 Large Page Support: Disabled
 NUMA Support: Disabled
 Compressed Oops: Enabled (32-bit)
 Alignments: Space 512K, Generation 512K, Heap 2M
 Heap Min Capacity: 100M
 Heap Initial Capacity: 100M
 Heap Max Capacity: 2G
 Pre-touch: Disabled
 Parallel Workers: 4
Heap:
 PSYoungGen      total 25088K, used 15056K [0x00000000d5580000, 0x00000000d7080000, 0x0000000100000000)
  eden space 22016K, 57% used [0x00000000d5580000,0x00000000d61d8140,0x00000000d6b00000)
  from space 3072K, 78% used [0x00000000d6b00000,0x00000000d6d5c010,0x00000000d6e00000)
  to   space 2560K, 0% used [0x00000000d6e00000,0x00000000d6e00000,0x00000000d7080000)
 ParOldGen       total 68608K, used 21293K [0x0000000080000000, 0x0000000084300000, 0x00000000d5580000)
  object space 68608K, 31% used [0x0000000080000000,0x00000000814cb4c0,0x0000000084300000)
 Metaspace       used 44461K, committed 45632K, reserved 1114112K
  class space    used 4916K, committed 5440K, reserved 1048576K
GC Heap History (20 events):
Event: 48.980 GC heap before
{Heap before GC invocations=10 (full 1):
 PSYoungGen      total 27136K, used 26709K [0x00000000d5580000, 0x00000000d7580000, 0x0000000100000000)
  eden space 24064K, 100% used [0x00000000d5580000,0x00000000d6d00000,0x00000000d6d00000)
  from space 3072K, 86% used [0x00000000d7280000,0x00000000d75156e8,0x00000000d7580000)
  to   space 3584K, 0% used [0x00000000d6e80000,0x00000000d6e80000,0x00000000d7200000)
 ParOldGen       total 68608K, used 13459K [0x0000000080000000, 0x0000000084300000, 0x00000000d5580000)
  object space 68608K, 19% used [0x0000000080000000,0x0000000080d24fd0,0x0000000084300000)
 Metaspace       used 26423K, committed 27328K, reserved 1114112K
  class space    used 2727K, committed 3072K, reserved 1048576K
}
Event: 48.984 GC heap after
{Heap after GC invocations=10 (full 1):
 PSYoungGen      total 25088K, used 1334K [0x00000000d5580000, 0x00000000d7300000, 0x0000000100000000)
  eden space 23552K, 0% used [0x00000000d5580000,0x00000000d5580000,0x00000000d6c80000)
  from space 1536K, 86% used [0x00000000d6e80000,0x00000000d6fcdaf0,0x00000000d7000000)
  to   space 2048K, 0% used [0x00000000d7100000,0x00000000d7100000,0x00000000d7300000)
 ParOldGen       total 68608K, used 13467K [0x0000000080000000, 0x0000000084300000, 0x00000000d5580000)
  object space 68608K, 19% used [0x0000000080000000,0x0000000080d26fd0,0x0000000084300000)
 Metaspace       used 26423K, committed 27328K, reserved 1114112K
  class space    used 2727K, committed 3072K, reserved 1048576K
}
Event: 50.431 GC heap before
{Heap before GC invocations=11 (full 1):
 PSYoungGen      total 25088K, used 24886K [0x00000000d5580000, 0x00000000d7300000, 0x0000000100000000)
  eden space 23552K, 100% used [0x00000000d5580000,0x00000000d6c80000,0x00000000d6c80000)
  from space 1536K, 86% used [0x00000000d6e80000,0x00000000d6fcdaf0,0x00000000d7000000)
  to   space 2048K, 0% used [0x00000000d7100000,0x00000000d7100000,0x00000000d7300000)
 ParOldGen       total 68608K, used 13467K [0x0000000080000000, 0x0000000084300000, 0x00000000d5580000)
  object space 68608K, 19% used [0x0000000080000000,0x0000000080d26fd0,0x0000000084300000)
 Metaspace       used 28695K, committed 29632K, reserved 1114112K
  class space    used 3001K, committed 3392K, reserved 1048576K
}
Event: 50.438 GC heap after
{Heap after GC invocations=11 (full 1):
 PSYoungGen      total 24064K, used 704K [0x00000000d5580000, 0x00000000d7200000, 0x0000000100000000)
  eden space 23040K, 0% used [0x00000000d5580000,0x00000000d5580000,0x00000000d6c00000)
  from space 1024K, 68% used [0x00000000d7100000,0x00000000d71b0000,0x00000000d7200000)
  to   space 1536K, 0% used [0x00000000d6f00000,0x00000000d6f00000,0x00000000d7080000)
 ParOldGen       total 68608K, used 14402K [0x0000000080000000, 0x0000000084300000, 0x00000000d5580000)
  object space 68608K, 20% used [0x0000000080000000,0x0000000080e109f8,0x0000000084300000)
 Metaspace       used 28695K, committed 29632K, reserved 1114112K
  class space    used 3001K, committed 3392K, reserved 1048576K
}
Event: 51.581 GC heap before
{Heap before GC invocations=12 (full 1):
 PSYoungGen      total 24064K, used 23744K [0x00000000d5580000, 0x00000000d7200000, 0x0000000100000000)
  eden space 23040K, 100% used [0x00000000d5580000,0x00000000d6c00000,0x00000000d6c00000)
  from space 1024K, 68% used [0x00000000d7100000,0x00000000d71b0000,0x00000000d7200000)
  to   space 1536K, 0% used [0x00000000d6f00000,0x00000000d6f00000,0x00000000d7080000)
 ParOldGen       total 68608K, used 14402K [0x0000000080000000, 0x0000000084300000, 0x00000000d5580000)
  object space 68608K, 20% used [0x0000000080000000,0x0000000080e109f8,0x0000000084300000)
 Metaspace       used 30831K, committed 31808K, reserved 1114112K
  class space    used 3218K, committed 3584K, reserved 1048576K
}
Event: 51.584 GC heap after
{Heap after GC invocations=12 (full 1):
 PSYoungGen      total 24064K, used 405K [0x00000000d5580000, 0x00000000d7180000, 0x0000000100000000)
  eden space 22528K, 0% used [0x00000000d5580000,0x00000000d5580000,0x00000000d6b80000)
  from space 1536K, 26% used [0x00000000d6f00000,0x00000000d6f65510,0x00000000d7080000)
  to   space 1024K, 0% used [0x00000000d7080000,0x00000000d7080000,0x00000000d7180000)
 ParOldGen       total 68608K, used 15021K [0x0000000080000000, 0x0000000084300000, 0x00000000d5580000)
  object space 68608K, 21% used [0x0000000080000000,0x0000000080eab438,0x0000000084300000)
 Metaspace       used 30831K, committed 31808K, reserved 1114112K
  class space    used 3218K, committed 3584K, reserved 1048576K
}
Event: 52.600 GC heap before
{Heap before GC invocations=13 (full 1):
 PSYoungGen      total 24064K, used 22933K [0x00000000d5580000, 0x00000000d7180000, 0x0000000100000000)
  eden space 22528K, 100% used [0x00000000d5580000,0x00000000d6b80000,0x00000000d6b80000)
  from space 1536K, 26% used [0x00000000d6f00000,0x00000000d6f65510,0x00000000d7080000)
  to   space 1024K, 0% used [0x00000000d7080000,0x00000000d7080000,0x00000000d7180000)
 ParOldGen       total 68608K, used 15021K [0x0000000080000000, 0x0000000084300000, 0x00000000d5580000)
  object space 68608K, 21% used [0x0000000080000000,0x0000000080eab438,0x0000000084300000)
 Metaspace       used 32292K, committed 33216K, reserved 1114112K
  class space    used 3350K, committed 3712K, reserved 1048576K
}
Event: 52.604 GC heap after
{Heap after GC invocations=13 (full 1):
 PSYoungGen      total 23040K, used 576K [0x00000000d5580000, 0x00000000d7180000, 0x0000000100000000)
  eden space 22016K, 0% used [0x00000000d5580000,0x00000000d5580000,0x00000000d6b00000)
  from space 1024K, 56% used [0x00000000d7080000,0x00000000d71103f8,0x00000000d7180000)
  to   space 1024K, 0% used [0x00000000d6f80000,0x00000000d6f80000,0x00000000d7080000)
 ParOldGen       total 68608K, used 16847K [0x0000000080000000, 0x0000000084300000, 0x00000000d5580000)
  object space 68608K, 24% used [0x0000000080000000,0x0000000081073e58,0x0000000084300000)
 Metaspace       used 32292K, committed 33216K, reserved 1114112K
  class space    used 3350K, committed 3712K, reserved 1048576K
}
Event: 54.741 GC heap before
{Heap before GC invocations=14 (full 1):
 PSYoungGen      total 23040K, used 22592K [0x00000000d5580000, 0x00000000d7180000, 0x0000000100000000)
  eden space 22016K, 100% used [0x00000000d5580000,0x00000000d6b00000,0x00000000d6b00000)
  from space 1024K, 56% used [0x00000000d7080000,0x00000000d71103f8,0x00000000d7180000)
  to   space 1024K, 0% used [0x00000000d6f80000,0x00000000d6f80000,0x00000000d7080000)
 ParOldGen       total 68608K, used 16847K [0x0000000080000000, 0x0000000084300000, 0x00000000d5580000)
  object space 68608K, 24% used [0x0000000080000000,0x0000000081073e58,0x0000000084300000)
 Metaspace       used 34652K, committed 35584K, reserved 1114112K
  class space    used 3627K, committed 4032K, reserved 1048576K
}
Event: 54.751 GC heap after
{Heap after GC invocations=14 (full 1):
 PSYoungGen      total 23040K, used 1016K [0x00000000d5580000, 0x00000000d7100000, 0x0000000100000000)
  eden space 22016K, 0% used [0x00000000d5580000,0x00000000d5580000,0x00000000d6b00000)
  from space 1024K, 99% used [0x00000000d6f80000,0x00000000d707e020,0x00000000d7080000)
  to   space 512K, 0% used [0x00000000d7080000,0x00000000d7080000,0x00000000d7100000)
 ParOldGen       total 68608K, used 17462K [0x0000000080000000, 0x0000000084300000, 0x00000000d5580000)
  object space 68608K, 25% used [0x0000000080000000,0x000000008110d888,0x0000000084300000)
 Metaspace       used 34652K, committed 35584K, reserved 1114112K
  class space    used 3627K, committed 4032K, reserved 1048576K
}
Event: 55.133 GC heap before
{Heap before GC invocations=15 (full 1):
 PSYoungGen      total 23040K, used 3748K [0x00000000d5580000, 0x00000000d7100000, 0x0000000100000000)
  eden space 22016K, 12% used [0x00000000d5580000,0x00000000d582b1c8,0x00000000d6b00000)
  from space 1024K, 99% used [0x00000000d6f80000,0x00000000d707e020,0x00000000d7080000)
  to   space 512K, 0% used [0x00000000d7080000,0x00000000d7080000,0x00000000d7100000)
 ParOldGen       total 68608K, used 17462K [0x0000000080000000, 0x0000000084300000, 0x00000000d5580000)
  object space 68608K, 25% used [0x0000000080000000,0x000000008110d888,0x0000000084300000)
 Metaspace       used 34888K, committed 35840K, reserved 1114112K
  class space    used 3658K, committed 4032K, reserved 1048576K
}
Event: 55.135 GC heap after
{Heap after GC invocations=15 (full 1):
 PSYoungGen      total 22528K, used 208K [0x00000000d5580000, 0x00000000d7100000, 0x0000000100000000)
  eden space 22016K, 0% used [0x00000000d5580000,0x00000000d5580000,0x00000000d6b00000)
  from space 512K, 40% used [0x00000000d7080000,0x00000000d70b4010,0x00000000d7100000)
  to   space 1024K, 0% used [0x00000000d6f00000,0x00000000d6f00000,0x00000000d7000000)
 ParOldGen       total 68608K, used 18438K [0x0000000080000000, 0x0000000084300000, 0x00000000d5580000)
  object space 68608K, 26% used [0x0000000080000000,0x00000000812018b8,0x0000000084300000)
 Metaspace       used 34888K, committed 35840K, reserved 1114112K
  class space    used 3658K, committed 4032K, reserved 1048576K
}
Event: 55.135 GC heap before
{Heap before GC invocations=16 (full 2):
 PSYoungGen      total 22528K, used 208K [0x00000000d5580000, 0x00000000d7100000, 0x0000000100000000)
  eden space 22016K, 0% used [0x00000000d5580000,0x00000000d5580000,0x00000000d6b00000)
  from space 512K, 40% used [0x00000000d7080000,0x00000000d70b4010,0x00000000d7100000)
  to   space 1024K, 0% used [0x00000000d6f00000,0x00000000d6f00000,0x00000000d7000000)
 ParOldGen       total 68608K, used 18438K [0x0000000080000000, 0x0000000084300000, 0x00000000d5580000)
  object space 68608K, 26% used [0x0000000080000000,0x00000000812018b8,0x0000000084300000)
 Metaspace       used 34888K, committed 35840K, reserved 1114112K
  class space    used 3658K, committed 4032K, reserved 1048576K
}
Event: 55.211 GC heap after
{Heap after GC invocations=16 (full 2):
 PSYoungGen      total 22528K, used 0K [0x00000000d5580000, 0x00000000d7100000, 0x0000000100000000)
  eden space 22016K, 0% used [0x00000000d5580000,0x00000000d5580000,0x00000000d6b00000)
  from space 512K, 0% used [0x00000000d7080000,0x00000000d7080000,0x00000000d7100000)
  to   space 1024K, 0% used [0x00000000d6f00000,0x00000000d6f00000,0x00000000d7000000)
 ParOldGen       total 68608K, used 18168K [0x0000000080000000, 0x0000000084300000, 0x00000000d5580000)
  object space 68608K, 26% used [0x0000000080000000,0x00000000811be098,0x0000000084300000)
 Metaspace       used 34877K, committed 35840K, reserved 1114112K
  class space    used 3655K, committed 4032K, reserved 1048576K
}
Event: 57.358 GC heap before
{Heap before GC invocations=17 (full 2):
 PSYoungGen      total 22528K, used 22016K [0x00000000d5580000, 0x00000000d7100000, 0x0000000100000000)
  eden space 22016K, 100% used [0x00000000d5580000,0x00000000d6b00000,0x00000000d6b00000)
  from space 512K, 0% used [0x00000000d7080000,0x00000000d7080000,0x00000000d7100000)
  to   space 1024K, 0% used [0x00000000d6f00000,0x00000000d6f00000,0x00000000d7000000)
 ParOldGen       total 68608K, used 18168K [0x0000000080000000, 0x0000000084300000, 0x00000000d5580000)
  object space 68608K, 26% used [0x0000000080000000,0x00000000811be098,0x0000000084300000)
 Metaspace       used 37992K, committed 38976K, reserved 1114112K
  class space    used 4026K, committed 4416K, reserved 1048576K
}
Event: 57.361 GC heap after
{Heap after GC invocations=17 (full 2):
 PSYoungGen      total 23040K, used 1005K [0x00000000d5580000, 0x00000000d7100000, 0x0000000100000000)
  eden space 22016K, 0% used [0x00000000d5580000,0x00000000d5580000,0x00000000d6b00000)
  from space 1024K, 98% used [0x00000000d6f00000,0x00000000d6ffb460,0x00000000d7000000)
  to   space 1024K, 0% used [0x00000000d7000000,0x00000000d7000000,0x00000000d7100000)
 ParOldGen       total 68608K, used 18630K [0x0000000080000000, 0x0000000084300000, 0x00000000d5580000)
  object space 68608K, 27% used [0x0000000080000000,0x00000000812319a8,0x0000000084300000)
 Metaspace       used 37992K, committed 38976K, reserved 1114112K
  class space    used 4026K, committed 4416K, reserved 1048576K
}
Event: 58.566 GC heap before
{Heap before GC invocations=18 (full 2):
 PSYoungGen      total 23040K, used 23021K [0x00000000d5580000, 0x00000000d7100000, 0x0000000100000000)
  eden space 22016K, 99% used [0x00000000d5580000,0x00000000d6affff8,0x00000000d6b00000)
  from space 1024K, 98% used [0x00000000d6f00000,0x00000000d6ffb460,0x00000000d7000000)
  to   space 1024K, 0% used [0x00000000d7000000,0x00000000d7000000,0x00000000d7100000)
 ParOldGen       total 68608K, used 18630K [0x0000000080000000, 0x0000000084300000, 0x00000000d5580000)
  object space 68608K, 27% used [0x0000000080000000,0x00000000812319a8,0x0000000084300000)
 Metaspace       used 40570K, committed 41600K, reserved 1114112K
  class space    used 4355K, committed 4800K, reserved 1048576K
}
Event: 58.570 GC heap after
{Heap after GC invocations=18 (full 2):
 PSYoungGen      total 23040K, used 1011K [0x00000000d5580000, 0x00000000d7100000, 0x0000000100000000)
  eden space 22016K, 0% used [0x00000000d5580000,0x00000000d5580000,0x00000000d6b00000)
  from space 1024K, 98% used [0x00000000d7000000,0x00000000d70fcfd8,0x00000000d7100000)
  to   space 3072K, 0% used [0x00000000d6b00000,0x00000000d6b00000,0x00000000d6e00000)
 ParOldGen       total 68608K, used 20390K [0x0000000080000000, 0x0000000084300000, 0x00000000d5580000)
  object space 68608K, 29% used [0x0000000080000000,0x00000000813e9bc8,0x0000000084300000)
 Metaspace       used 40570K, committed 41600K, reserved 1114112K
  class space    used 4355K, committed 4800K, reserved 1048576K
}
Event: 59.803 GC heap before
{Heap before GC invocations=19 (full 2):
 PSYoungGen      total 23040K, used 23027K [0x00000000d5580000, 0x00000000d7100000, 0x0000000100000000)
  eden space 22016K, 100% used [0x00000000d5580000,0x00000000d6b00000,0x00000000d6b00000)
  from space 1024K, 98% used [0x00000000d7000000,0x00000000d70fcfd8,0x00000000d7100000)
  to   space 3072K, 0% used [0x00000000d6b00000,0x00000000d6b00000,0x00000000d6e00000)
 ParOldGen       total 68608K, used 20390K [0x0000000080000000, 0x0000000084300000, 0x00000000d5580000)
  object space 68608K, 29% used [0x0000000080000000,0x00000000813e9bc8,0x0000000084300000)
 Metaspace       used 43101K, committed 44224K, reserved 1114112K
  class space    used 4726K, committed 5248K, reserved 1048576K
}
Event: 59.807 GC heap after
{Heap after GC invocations=19 (full 2):
 PSYoungGen      total 25088K, used 2416K [0x00000000d5580000, 0x00000000d7080000, 0x0000000100000000)
  eden space 22016K, 0% used [0x00000000d5580000,0x00000000d5580000,0x00000000d6b00000)
  from space 3072K, 78% used [0x00000000d6b00000,0x00000000d6d5c010,0x00000000d6e00000)
  to   space 2560K, 0% used [0x00000000d6e00000,0x00000000d6e00000,0x00000000d7080000)
 ParOldGen       total 68608K, used 21293K [0x0000000080000000, 0x0000000084300000, 0x00000000d5580000)
  object space 68608K, 31% used [0x0000000080000000,0x00000000814cb4c0,0x0000000084300000)
 Metaspace       used 43101K, committed 44224K, reserved 1114112K
  class space    used 4726K, committed 5248K, reserved 1048576K
}

