# JRE version: OpenJDK Runtime Environment Temurin-21.0.11+10 (21.0.11+10) (build 21.0.11+10-LTS)
# Java VM: OpenJDK 64-Bit Server VM Temurin-21.0.11+10 (21.0.11+10-LTS, mixed mode, sharing, tiered, compressed oops, compressed class ptrs, g1 gc, windows-amd64)
GC Precious Log:
 CardTable entry size: 512
 Card Set container configuration: InlinePtr #cards 4 size 8 Array Of Cards #cards 32 size 80 Howl #buckets 8 coarsen threshold 7372 Howl Bitmap #cards 1024 size 144 coarsen threshold 921 Card regions per heap region 1 cards per card region 8192
 CPUs: 4 total, 4 available
 Memory: 8071M
 Large Page Support: Disabled
 NUMA Support: Disabled
 Compressed Oops: Enabled (Zero based)
 Heap Region Size: 4M
 Heap Min Capacity: 8M
 Heap Initial Capacity: 128M
 Heap Max Capacity: 8G
 Pre-touch: Disabled
 Parallel Workers: 4
 Concurrent Workers: 1
 Concurrent Refinement Workers: 4
 Periodic GC: Disabled
Heap:
 garbage-first heap   total 421888K, used 265932K [0x0000000600000000, 0x0000000800000000)
  region size 4096K, 2 young (8192K), 2 survivors (8192K)
 Metaspace       used 145520K, committed 148416K, reserved 1179648K
  class space    used 20666K, committed 22080K, reserved 1048576K
GC Heap History (20 events):
Event: 142.850 GC heap after
{Heap after GC invocations=63 (full 0):
 garbage-first heap   total 335872K, used 211258K [0x0000000600000000, 0x0000000800000000)
  region size 4096K, 3 young (12288K), 3 survivors (12288K)
 Metaspace       used 143570K, committed 146432K, reserved 1179648K
  class space    used 20460K, committed 21888K, reserved 1048576K
}
Event: 151.077 GC heap before
{Heap before GC invocations=63 (full 0):
 garbage-first heap   total 335872K, used 301370K [0x0000000600000000, 0x0000000800000000)
  region size 4096K, 26 young (106496K), 3 survivors (12288K)
 Metaspace       used 143762K, committed 146624K, reserved 1179648K
  class space    used 20473K, committed 21888K, reserved 1048576K
}
Event: 151.097 GC heap after
{Heap after GC invocations=64 (full 0):
 garbage-first heap   total 335872K, used 222199K [0x0000000600000000, 0x0000000800000000)
  region size 4096K, 4 young (16384K), 4 survivors (16384K)
 Metaspace       used 143762K, committed 146624K, reserved 1179648K
  class space    used 20473K, committed 21888K, reserved 1048576K
}
Event: 157.064 GC heap before
{Heap before GC invocations=65 (full 0):
 garbage-first heap   total 376832K, used 308215K [0x0000000600000000, 0x0000000800000000)
  region size 4096K, 25 young (102400K), 4 survivors (16384K)
 Metaspace       used 144050K, committed 147008K, reserved 1179648K
  class space    used 20512K, committed 21952K, reserved 1048576K
}
Event: 157.088 GC heap after
{Heap after GC invocations=66 (full 0):
 garbage-first heap   total 376832K, used 228857K [0x0000000600000000, 0x0000000800000000)
  region size 4096K, 3 young (12288K), 3 survivors (12288K)
 Metaspace       used 144050K, committed 147008K, reserved 1179648K
  class space    used 20512K, committed 21952K, reserved 1048576K
}
Event: 160.176 GC heap before
{Heap before GC invocations=66 (full 0):
 garbage-first heap   total 376832K, used 335353K [0x0000000600000000, 0x0000000800000000)
  region size 4096K, 30 young (122880K), 3 survivors (12288K)
 Metaspace       used 144356K, committed 147264K, reserved 1179648K
  class space    used 20557K, committed 21952K, reserved 1048576K
}
Event: 160.218 GC heap after
{Heap after GC invocations=67 (full 0):
 garbage-first heap   total 376832K, used 236755K [0x0000000600000000, 0x0000000800000000)
  region size 4096K, 4 young (16384K), 4 survivors (16384K)
 Metaspace       used 144356K, committed 147264K, reserved 1179648K
  class space    used 20557K, committed 21952K, reserved 1048576K
}
Event: 161.610 GC heap before
{Heap before GC invocations=67 (full 0):
 garbage-first heap   total 376832K, used 335059K [0x0000000600000000, 0x0000000800000000)
  region size 4096K, 29 young (118784K), 4 survivors (16384K)
 Metaspace       used 144356K, committed 147264K, reserved 1179648K
  class space    used 20557K, committed 21952K, reserved 1048576K
}
Event: 161.637 GC heap after
{Heap after GC invocations=68 (full 0):
 garbage-first heap   total 376832K, used 241593K [0x0000000600000000, 0x0000000800000000)
  region size 4096K, 1 young (4096K), 1 survivors (4096K)
 Metaspace       used 144356K, committed 147264K, reserved 1179648K
  class space    used 20557K, committed 21952K, reserved 1048576K
}
Event: 162.958 GC heap before
{Heap before GC invocations=69 (full 0):
 garbage-first heap   total 405504K, used 343993K [0x0000000600000000, 0x0000000800000000)
  region size 4096K, 27 young (110592K), 1 survivors (4096K)
 Metaspace       used 144414K, committed 147328K, reserved 1179648K
  class space    used 20562K, committed 22016K, reserved 1048576K
}
Event: 162.969 GC heap after
{Heap after GC invocations=70 (full 0):
 garbage-first heap   total 405504K, used 244238K [0x0000000600000000, 0x0000000800000000)
  region size 4096K, 2 young (8192K), 2 survivors (8192K)
 Metaspace       used 144414K, committed 147328K, reserved 1179648K
  class space    used 20562K, committed 22016K, reserved 1048576K
}
Event: 166.451 GC heap before
{Heap before GC invocations=70 (full 0):
 garbage-first heap   total 405504K, used 375310K [0x0000000600000000, 0x0000000800000000)
  region size 4096K, 34 young (139264K), 2 survivors (8192K)
 Metaspace       used 144455K, committed 147392K, reserved 1179648K
  class space    used 20568K, committed 22016K, reserved 1048576K
}
Event: 166.496 GC heap after
{Heap after GC invocations=71 (full 0):
 garbage-first heap   total 405504K, used 244305K [0x0000000600000000, 0x0000000800000000)
  region size 4096K, 3 young (12288K), 3 survivors (12288K)
 Metaspace       used 144455K, committed 147392K, reserved 1179648K
  class space    used 20568K, committed 22016K, reserved 1048576K
}
Event: 169.207 GC heap before
{Heap before GC invocations=71 (full 0):
 garbage-first heap   total 405504K, used 375377K [0x0000000600000000, 0x0000000800000000)
  region size 4096K, 36 young (147456K), 3 survivors (12288K)
 Metaspace       used 144488K, committed 147456K, reserved 1179648K
  class space    used 20568K, committed 22016K, reserved 1048576K
}
Event: 169.221 GC heap after
{Heap after GC invocations=72 (full 0):
 garbage-first heap   total 405504K, used 249375K [0x0000000600000000, 0x0000000800000000)
  region size 4096K, 4 young (16384K), 4 survivors (16384K)
 Metaspace       used 144488K, committed 147456K, reserved 1179648K
  class space    used 20568K, committed 22016K, reserved 1048576K
}
Event: 172.593 GC heap before
{Heap before GC invocations=73 (full 0):
 garbage-first heap   total 417792K, used 376351K [0x0000000600000000, 0x0000000800000000)
  region size 4096K, 36 young (147456K), 4 survivors (16384K)
 Metaspace       used 145269K, committed 148224K, reserved 1179648K
  class space    used 20643K, committed 22080K, reserved 1048576K
}
Event: 172.654 GC heap after
{Heap after GC invocations=74 (full 0):
 garbage-first heap   total 417792K, used 263491K [0x0000000600000000, 0x0000000800000000)
  region size 4096K, 5 young (20480K), 5 survivors (20480K)
 Metaspace       used 145269K, committed 148224K, reserved 1179648K
  class space    used 20643K, committed 22080K, reserved 1048576K
}
Event: 173.976 GC heap before
{Heap before GC invocations=74 (full 0):
 garbage-first heap   total 417792K, used 378179K [0x0000000600000000, 0x0000000800000000)
  region size 4096K, 34 young (139264K), 5 survivors (20480K)
 Metaspace       used 145440K, committed 148352K, reserved 1179648K
  class space    used 20663K, committed 22080K, reserved 1048576K
}
Event: 174.013 GC heap after
{Heap after GC invocations=75 (full 0):
 garbage-first heap   total 421888K, used 264568K [0x0000000600000000, 0x0000000800000000)
  region size 4096K, 2 young (8192K), 2 survivors (8192K)
 Metaspace       used 145440K, committed 148352K, reserved 1179648K
  class space    used 20663K, committed 22080K, reserved 1048576K
}
Event: 175.091 GC heap before
{Heap before GC invocations=75 (full 0):
 garbage-first heap   total 421888K, used 387448K [0x0000000600000000, 0x0000000800000000)
  region size 4096K, 32 young (131072K), 2 survivors (8192K)
 Metaspace       used 145520K, committed 148416K, reserved 1179648K
  class space    used 20666K, committed 22080K, reserved 1048576K
}

