# JRE version: OpenJDK Runtime Environment Temurin-21.0.11+10 (21.0.11+10) (build 21.0.11+10-LTS)
# Java VM: OpenJDK 64-Bit Server VM Temurin-21.0.11+10 (21.0.11+10-LTS, mixed mode, sharing, tiered, compressed oops, compressed class ptrs, g1 gc, windows-amd64)
GC Precious Log:
 CardTable entry size: 512
 Card Set container configuration: InlinePtr #cards 4 size 8 Array Of Cards #cards 32 size 80 Howl #buckets 8 coarsen threshold 7372 Howl Bitmap #cards 1024 size 144 coarsen threshold 921 Card regions per heap region 1 cards per card region 8192
 CPUs: 4 total, 4 available
 Memory: 8071M
 Large Page Support: Disabled
 NUMA Support: Disabled
 Compressed Oops: Enabled (Zero based)
 Heap Region Size: 4M
 Heap Min Capacity: 8M
 Heap Initial Capacity: 128M
 Heap Max Capacity: 8G
 Pre-touch: Disabled
 Parallel Workers: 4
 Concurrent Workers: 1
 Concurrent Refinement Workers: 4
 Periodic GC: Disabled
Heap:
 garbage-first heap   total 225280K, used 179587K [0x0000000600000000, 0x0000000800000000)
  region size 4096K, 15 young (61440K), 3 survivors (12288K)
 Metaspace       used 110227K, committed 113088K, reserved 1179648K
  class space    used 15809K, committed 17216K, reserved 1048576K
GC Heap History (20 events):
Event: 106.464 GC heap before
{Heap before GC invocations=42 (full 0):
 garbage-first heap   total 159744K, used 133207K [0x0000000600000000, 0x0000000800000000)
  region size 4096K, 11 young (45056K), 2 survivors (8192K)
 Metaspace       used 83876K, committed 86272K, reserved 1179648K
  class space    used 12123K, committed 13312K, reserved 1048576K
}
Event: 106.473 GC heap after
{Heap after GC invocations=43 (full 0):
 garbage-first heap   total 159744K, used 101616K [0x0000000600000000, 0x0000000800000000)
  region size 4096K, 1 young (4096K), 1 survivors (4096K)
 Metaspace       used 83876K, committed 86272K, reserved 1179648K
  class space    used 12123K, committed 13312K, reserved 1048576K
}
Event: 108.341 GC heap before
{Heap before GC invocations=44 (full 0):
 garbage-first heap   total 172032K, used 134384K [0x0000000600000000, 0x0000000800000000)
  region size 4096K, 10 young (40960K), 1 survivors (4096K)
 Metaspace       used 86868K, committed 89408K, reserved 1179648K
  class space    used 12431K, committed 13696K, reserved 1048576K
}
Event: 108.347 GC heap after
{Heap after GC invocations=45 (full 0):
 garbage-first heap   total 172032K, used 103101K [0x0000000600000000, 0x0000000800000000)
  region size 4096K, 2 young (8192K), 2 survivors (8192K)
 Metaspace       used 86868K, committed 89408K, reserved 1179648K
  class space    used 12431K, committed 13696K, reserved 1048576K
}
Event: 112.053 GC heap before
{Heap before GC invocations=45 (full 0):
 garbage-first heap   total 172032K, used 148157K [0x0000000600000000, 0x0000000800000000)
  region size 4096K, 14 young (57344K), 2 survivors (8192K)
 Metaspace       used 89284K, committed 91776K, reserved 1179648K
  class space    used 12790K, committed 14016K, reserved 1048576K
}
Event: 112.067 GC heap after
{Heap after GC invocations=46 (full 0):
 garbage-first heap   total 172032K, used 108706K [0x0000000600000000, 0x0000000800000000)
  region size 4096K, 2 young (8192K), 2 survivors (8192K)
 Metaspace       used 89284K, committed 91776K, reserved 1179648K
  class space    used 12790K, committed 14016K, reserved 1048576K
}
Event: 115.495 GC heap before
{Heap before GC invocations=46 (full 0):
 garbage-first heap   total 172032K, used 149666K [0x0000000600000000, 0x0000000800000000)
  region size 4096K, 12 young (49152K), 2 survivors (8192K)
 Metaspace       used 92330K, committed 94848K, reserved 1179648K
  class space    used 13211K, committed 14464K, reserved 1048576K
}
Event: 115.504 GC heap after
{Heap after GC invocations=47 (full 0):
 garbage-first heap   total 172032K, used 112048K [0x0000000600000000, 0x0000000800000000)
  region size 4096K, 1 young (4096K), 1 survivors (4096K)
 Metaspace       used 92330K, committed 94848K, reserved 1179648K
  class space    used 13211K, committed 14464K, reserved 1048576K
}
Event: 118.225 GC heap before
{Heap before GC invocations=48 (full 0):
 garbage-first heap   total 192512K, used 153008K [0x0000000600000000, 0x0000000800000000)
  region size 4096K, 11 young (45056K), 1 survivors (4096K)
 Metaspace       used 93823K, committed 96320K, reserved 1179648K
  class space    used 13403K, committed 14656K, reserved 1048576K
}
Event: 118.235 GC heap after
{Heap after GC invocations=49 (full 0):
 garbage-first heap   total 192512K, used 116446K [0x0000000600000000, 0x0000000800000000)
  region size 4096K, 2 young (8192K), 2 survivors (8192K)
 Metaspace       used 93823K, committed 96320K, reserved 1179648K
  class space    used 13403K, committed 14656K, reserved 1048576K
}
Event: 120.870 GC heap before
{Heap before GC invocations=49 (full 0):
 garbage-first heap   total 192512K, used 173790K [0x0000000600000000, 0x0000000800000000)
  region size 4096K, 16 young (65536K), 2 survivors (8192K)
 Metaspace       used 98131K, committed 100672K, reserved 1179648K
  class space    used 14136K, committed 15424K, reserved 1048576K
}
Event: 120.881 GC heap after
{Heap after GC invocations=50 (full 0):
 garbage-first heap   total 192512K, used 116924K [0x0000000600000000, 0x0000000800000000)
  region size 4096K, 1 young (4096K), 1 survivors (4096K)
 Metaspace       used 98131K, committed 100672K, reserved 1179648K
  class space    used 14136K, committed 15424K, reserved 1048576K
}
Event: 122.612 GC heap before
{Heap before GC invocations=50 (full 0):
 garbage-first heap   total 192512K, used 170172K [0x0000000600000000, 0x0000000800000000)
  region size 4096K, 14 young (57344K), 1 survivors (4096K)
 Metaspace       used 101845K, committed 104448K, reserved 1179648K
  class space    used 14640K, committed 15936K, reserved 1048576K
}
Event: 122.619 GC heap after
{Heap after GC invocations=51 (full 0):
 garbage-first heap   total 192512K, used 118856K [0x0000000600000000, 0x0000000800000000)
  region size 4096K, 1 young (4096K), 1 survivors (4096K)
 Metaspace       used 101845K, committed 104448K, reserved 1179648K
  class space    used 14640K, committed 15936K, reserved 1048576K
}
Event: 124.388 GC heap before
{Heap before GC invocations=52 (full 0):
 garbage-first heap   total 204800K, used 176200K [0x0000000600000000, 0x0000000800000000)
  region size 4096K, 15 young (61440K), 1 survivors (4096K)
 Metaspace       used 104665K, committed 107264K, reserved 1179648K
  class space    used 15048K, committed 16320K, reserved 1048576K
}
Event: 124.401 GC heap after
{Heap after GC invocations=53 (full 0):
 garbage-first heap   total 204800K, used 123690K [0x0000000600000000, 0x0000000800000000)
  region size 4096K, 2 young (8192K), 2 survivors (8192K)
 Metaspace       used 104665K, committed 107264K, reserved 1179648K
  class space    used 15048K, committed 16320K, reserved 1048576K
}
Event: 125.869 GC heap before
{Heap before GC invocations=53 (full 0):
 garbage-first heap   total 204800K, used 181034K [0x0000000600000000, 0x0000000800000000)
  region size 4096K, 17 young (69632K), 2 survivors (8192K)
 Metaspace       used 107418K, committed 110144K, reserved 1179648K
  class space    used 15402K, committed 16704K, reserved 1048576K
}
Event: 125.892 GC heap after
{Heap after GC invocations=54 (full 0):
 garbage-first heap   total 204800K, used 126561K [0x0000000600000000, 0x0000000800000000)
  region size 4096K, 3 young (12288K), 3 survivors (12288K)
 Metaspace       used 107418K, committed 110144K, reserved 1179648K
  class space    used 15402K, committed 16704K, reserved 1048576K
}
Event: 128.572 GC heap before
{Heap before GC invocations=54 (full 0):
 garbage-first heap   total 204800K, used 183905K [0x0000000600000000, 0x0000000800000000)
  region size 4096K, 17 young (69632K), 3 survivors (12288K)
 Metaspace       used 109590K, committed 112448K, reserved 1179648K
  class space    used 15753K, committed 17152K, reserved 1048576K
}
Event: 128.631 GC heap after
{Heap after GC invocations=55 (full 0):
 garbage-first heap   total 204800K, used 134531K [0x0000000600000000, 0x0000000800000000)
  region size 4096K, 3 young (12288K), 3 survivors (12288K)
 Metaspace       used 109590K, committed 112448K, reserved 1179648K
  class space    used 15753K, committed 17152K, reserved 1048576K
}

