# JRE version: OpenJDK Runtime Environment Temurin-21.0.11+10 (21.0.11+10) (build 21.0.11+10-LTS)
# Java VM: OpenJDK 64-Bit Server VM Temurin-21.0.11+10 (21.0.11+10-LTS, mixed mode, sharing, tiered, compressed oops, compressed class ptrs, g1 gc, windows-amd64)
GC Precious Log:
 CardTable entry size: 512
 Card Set container configuration: InlinePtr #cards 4 size 8 Array Of Cards #cards 32 size 80 Howl #buckets 8 coarsen threshold 7372 Howl Bitmap #cards 1024 size 144 coarsen threshold 921 Card regions per heap region 1 cards per card region 8192
 CPUs: 4 total, 4 available
 Memory: 8071M
 Large Page Support: Disabled
 NUMA Support: Disabled
 Compressed Oops: Enabled (Zero based)
 Heap Region Size: 4M
 Heap Min Capacity: 8M
 Heap Initial Capacity: 128M
 Heap Max Capacity: 8G
 Pre-touch: Disabled
 Parallel Workers: 4
 Concurrent Workers: 1
 Concurrent Refinement Workers: 4
 Periodic GC: Disabled
Heap:
 garbage-first heap   total 954368K, used 309471K [0x0000000600000000, 0x0000000800000000)
  region size 4096K, 2 young (8192K), 2 survivors (8192K)
 Metaspace       used 200463K, committed 203648K, reserved 1245184K
  class space    used 25902K, committed 27456K, reserved 1048576K
GC Heap History (20 events):
Event: 326.649 GC heap after
{Heap after GC invocations=86 (full 0):
 garbage-first heap   total 794624K, used 421888K [0x0000000600000000, 0x0000000800000000)
  region size 4096K, 5 young (20480K), 5 survivors (20480K)
 Metaspace       used 198315K, committed 201472K, reserved 1245184K
  class space    used 25883K, committed 27392K, reserved 1048576K
}
Event: 332.216 GC heap before
{Heap before GC invocations=86 (full 0):
 garbage-first heap   total 794624K, used 544768K [0x0000000600000000, 0x0000000800000000)
  region size 4096K, 35 young (143360K), 5 survivors (20480K)
 Metaspace       used 198793K, committed 201920K, reserved 1245184K
  class space    used 25891K, committed 27392K, reserved 1048576K
}
Event: 332.310 GC heap after
{Heap after GC invocations=87 (full 0):
 garbage-first heap   total 954368K, used 435959K [0x0000000600000000, 0x0000000800000000)
  region size 4096K, 4 young (16384K), 4 survivors (16384K)
 Metaspace       used 198793K, committed 201920K, reserved 1245184K
  class space    used 25891K, committed 27392K, reserved 1048576K
}
Event: 337.849 GC heap before
{Heap before GC invocations=87 (full 0):
 garbage-first heap   total 954368K, used 583415K [0x0000000600000000, 0x0000000800000000)
  region size 4096K, 41 young (167936K), 4 survivors (16384K)
 Metaspace       used 199015K, committed 202112K, reserved 1245184K
  class space    used 25892K, committed 27392K, reserved 1048576K
}
Event: 337.970 GC heap after
{Heap after GC invocations=88 (full 0):
 garbage-first heap   total 954368K, used 446463K [0x0000000600000000, 0x0000000800000000)
  region size 4096K, 4 young (16384K), 4 survivors (16384K)
 Metaspace       used 199015K, committed 202112K, reserved 1245184K
  class space    used 25892K, committed 27392K, reserved 1048576K
}
Event: 344.674 GC heap before
{Heap before GC invocations=88 (full 0):
 garbage-first heap   total 954368K, used 606207K [0x0000000600000000, 0x0000000800000000)
  region size 4096K, 43 young (176128K), 4 survivors (16384K)
 Metaspace       used 199054K, committed 202112K, reserved 1245184K
  class space    used 25892K, committed 27392K, reserved 1048576K
}
Event: 344.773 GC heap after
{Heap after GC invocations=89 (full 0):
 garbage-first heap   total 954368K, used 449133K [0x0000000600000000, 0x0000000800000000)
  region size 4096K, 2 young (8192K), 2 survivors (8192K)
 Metaspace       used 199054K, committed 202112K, reserved 1245184K
  class space    used 25892K, committed 27392K, reserved 1048576K
}
Event: 362.787 GC heap before
{Heap before GC invocations=89 (full 0):
 garbage-first heap   total 954368K, used 879213K [0x0000000600000000, 0x0000000800000000)
  region size 4096K, 106 young (434176K), 2 survivors (8192K)
 Metaspace       used 199215K, committed 202304K, reserved 1245184K
  class space    used 25894K, committed 27392K, reserved 1048576K
}
Event: 362.822 GC heap after
{Heap after GC invocations=90 (full 0):
 garbage-first heap   total 954368K, used 456114K [0x0000000600000000, 0x0000000800000000)
  region size 4096K, 4 young (16384K), 4 survivors (16384K)
 Metaspace       used 199215K, committed 202304K, reserved 1245184K
  class space    used 25894K, committed 27392K, reserved 1048576K
}
Event: 390.354 GC heap before
{Heap before GC invocations=90 (full 0):
 garbage-first heap   total 954368K, used 873906K [0x0000000600000000, 0x0000000800000000)
  region size 4096K, 107 young (438272K), 4 survivors (16384K)
 Metaspace       used 200448K, committed 203584K, reserved 1245184K
  class space    used 25932K, committed 27456K, reserved 1048576K
}
Event: 390.394 GC heap after
{Heap after GC invocations=91 (full 0):
 garbage-first heap   total 954368K, used 468546K [0x0000000600000000, 0x0000000800000000)
  region size 4096K, 7 young (28672K), 7 survivors (28672K)
 Metaspace       used 200448K, committed 203584K, reserved 1245184K
  class space    used 25932K, committed 27456K, reserved 1048576K
}
Event: 407.650 GC heap before
{Heap before GC invocations=91 (full 0):
 garbage-first heap   total 954368K, used 886338K [0x0000000600000000, 0x0000000800000000)
  region size 4096K, 109 young (446464K), 7 survivors (28672K)
 Metaspace       used 200476K, committed 203584K, reserved 1245184K
  class space    used 25932K, committed 27456K, reserved 1048576K
}
Event: 407.798 GC heap after
{Heap after GC invocations=92 (full 0):
 garbage-first heap   total 954368K, used 487424K [0x0000000600000000, 0x0000000800000000)
  region size 4096K, 11 young (45056K), 11 survivors (45056K)
 Metaspace       used 200476K, committed 203584K, reserved 1245184K
  class space    used 25932K, committed 27456K, reserved 1048576K
}
Event: 421.879 GC heap before
{Heap before GC invocations=93 (full 0):
 garbage-first heap   total 954368K, used 806912K [0x0000000600000000, 0x0000000800000000)
  region size 4096K, 109 young (446464K), 11 survivors (45056K)
 Metaspace       used 200435K, committed 203648K, reserved 1245184K
  class space    used 25900K, committed 27456K, reserved 1048576K
}
Event: 422.038 GC heap after
{Heap after GC invocations=94 (full 0):
 garbage-first heap   total 954368K, used 408756K [0x0000000600000000, 0x0000000800000000)
  region size 4096K, 7 young (28672K), 7 survivors (28672K)
 Metaspace       used 200435K, committed 203648K, reserved 1245184K
  class space    used 25900K, committed 27456K, reserved 1048576K
}
Event: 426.909 GC heap before
{Heap before GC invocations=94 (full 0):
 garbage-first heap   total 954368K, used 892084K [0x0000000600000000, 0x0000000800000000)
  region size 4096K, 125 young (512000K), 7 survivors (28672K)
 Metaspace       used 200442K, committed 203648K, reserved 1245184K
  class space    used 25900K, committed 27456K, reserved 1048576K
}
Event: 427.221 GC heap after
{Heap after GC invocations=95 (full 0):
 garbage-first heap   total 954368K, used 317692K [0x0000000600000000, 0x0000000800000000)
  region size 4096K, 7 young (28672K), 7 survivors (28672K)
 Metaspace       used 200442K, committed 203648K, reserved 1245184K
  class space    used 25900K, committed 27456K, reserved 1048576K
}
Event: 427.389 GC heap before
{Heap before GC invocations=95 (full 0):
 garbage-first heap   total 954368K, used 334076K [0x0000000600000000, 0x0000000800000000)
  region size 4096K, 11 young (45056K), 7 survivors (28672K)
 Metaspace       used 200442K, committed 203648K, reserved 1245184K
  class space    used 25900K, committed 27456K, reserved 1048576K
}
Event: 427.692 GC heap after
{Heap after GC invocations=96 (full 0):
 garbage-first heap   total 954368K, used 310878K [0x0000000600000000, 0x0000000800000000)
  region size 4096K, 2 young (8192K), 2 survivors (8192K)
 Metaspace       used 200442K, committed 203648K, reserved 1245184K
  class space    used 25900K, committed 27456K, reserved 1048576K
}
Event: 430.758 GC heap before
{Heap before GC invocations=96 (full 0):
 garbage-first heap   total 954368K, used 519774K [0x0000000600000000, 0x0000000800000000)
  region size 4096K, 53 young (217088K), 2 survivors (8192K)
 Metaspace       used 200463K, committed 203648K, reserved 1245184K
  class space    used 25902K, committed 27456K, reserved 1048576K
}

