# JRE version: OpenJDK Runtime Environment Temurin-21.0.12.1+1 (21.0.12.1+1) (build 21.0.12.1+1-LTS)
# Java VM: OpenJDK 64-Bit Server VM Temurin-21.0.12.1+1 (21.0.12.1+1-LTS, mixed mode, sharing, tiered, compressed oops, compressed class ptrs, g1 gc, windows-amd64)
GC Precious Log:
 CardTable entry size: 512
 Card Set container configuration: InlinePtr #cards 4 size 8 Array Of Cards #cards 32 size 80 Howl #buckets 8 coarsen threshold 7372 Howl Bitmap #cards 1024 size 144 coarsen threshold 921 Card regions per heap region 1 cards per card region 8192
 CPUs: 4 total, 4 available
 Memory: 8071M
 Large Page Support: Disabled
 NUMA Support: Disabled
 Compressed Oops: Enabled (Zero based)
 Heap Region Size: 4M
 Heap Min Capacity: 8M
 Heap Initial Capacity: 128M
 Heap Max Capacity: 8G
 Pre-touch: Disabled
 Parallel Workers: 4
 Concurrent Workers: 1
 Concurrent Refinement Workers: 4
 Periodic GC: Disabled
Heap:
 garbage-first heap   total 475136K, used 248509K [0x0000000600000000, 0x0000000800000000)
  region size 4096K, 4 young (16384K), 3 survivors (12288K)
 Metaspace       used 148428K, committed 151424K, reserved 1179648K
  class space    used 20981K, committed 22400K, reserved 1048576K
GC Heap History (20 events):
Event: 72.813 GC heap before
{Heap before GC invocations=52 (full 0):
 garbage-first heap   total 286720K, used 248378K [0x0000000600000000, 0x0000000800000000)
  region size 4096K, 21 young (86016K), 3 survivors (12288K)
 Metaspace       used 109674K, committed 112320K, reserved 1179648K
  class space    used 15736K, committed 17024K, reserved 1048576K
}
Event: 72.842 GC heap after
{Heap after GC invocations=53 (full 0):
 garbage-first heap   total 286720K, used 182646K [0x0000000600000000, 0x0000000800000000)
  region size 4096K, 2 young (8192K), 2 survivors (8192K)
 Metaspace       used 109674K, committed 112320K, reserved 1179648K
  class space    used 15736K, committed 17024K, reserved 1048576K
}
Event: 74.430 GC heap before
{Heap before GC invocations=53 (full 0):
 garbage-first heap   total 286720K, used 252278K [0x0000000600000000, 0x0000000800000000)
  region size 4096K, 20 young (81920K), 2 survivors (8192K)
 Metaspace       used 114289K, committed 116864K, reserved 1179648K
  class space    used 16338K, committed 17600K, reserved 1048576K
}
Event: 74.455 GC heap after
{Heap after GC invocations=54 (full 0):
 garbage-first heap   total 286720K, used 190175K [0x0000000600000000, 0x0000000800000000)
  region size 4096K, 2 young (8192K), 2 survivors (8192K)
 Metaspace       used 114289K, committed 116864K, reserved 1179648K
  class space    used 16338K, committed 17600K, reserved 1048576K
}
Event: 76.978 GC heap before
{Heap before GC invocations=55 (full 0):
 garbage-first heap   total 323584K, used 259807K [0x0000000600000000, 0x0000000800000000)
  region size 4096K, 19 young (77824K), 2 survivors (8192K)
 Metaspace       used 116436K, committed 119104K, reserved 1179648K
  class space    used 16632K, committed 17920K, reserved 1048576K
}
Event: 77.005 GC heap after
{Heap after GC invocations=56 (full 0):
 garbage-first heap   total 323584K, used 202253K [0x0000000600000000, 0x0000000800000000)
  region size 4096K, 3 young (12288K), 3 survivors (12288K)
 Metaspace       used 116436K, committed 119104K, reserved 1179648K
  class space    used 16632K, committed 17920K, reserved 1048576K
}
Event: 78.667 GC heap before
{Heap before GC invocations=56 (full 0):
 garbage-first heap   total 323584K, used 288269K [0x0000000600000000, 0x0000000800000000)
  region size 4096K, 24 young (98304K), 3 survivors (12288K)
 Metaspace       used 117249K, committed 119936K, reserved 1179648K
  class space    used 16722K, committed 18048K, reserved 1048576K
}
Event: 78.717 GC heap after
{Heap after GC invocations=57 (full 0):
 garbage-first heap   total 327680K, used 190881K [0x0000000600000000, 0x0000000800000000)
  region size 4096K, 2 young (8192K), 2 survivors (8192K)
 Metaspace       used 117249K, committed 119936K, reserved 1179648K
  class space    used 16722K, committed 18048K, reserved 1048576K
}
Event: 82.361 GC heap before
{Heap before GC invocations=57 (full 0):
 garbage-first heap   total 327680K, used 285089K [0x0000000600000000, 0x0000000800000000)
  region size 4096K, 26 young (106496K), 2 survivors (8192K)
 Metaspace       used 117392K, committed 120128K, reserved 1179648K
  class space    used 16724K, committed 18048K, reserved 1048576K
}
Event: 82.412 GC heap after
{Heap after GC invocations=58 (full 0):
 garbage-first heap   total 393216K, used 199480K [0x0000000600000000, 0x0000000800000000)
  region size 4096K, 4 young (16384K), 4 survivors (16384K)
 Metaspace       used 117392K, committed 120128K, reserved 1179648K
  class space    used 16724K, committed 18048K, reserved 1048576K
}
Event: 86.246 GC heap before
{Heap before GC invocations=58 (full 0):
 garbage-first heap   total 393216K, used 326456K [0x0000000600000000, 0x0000000800000000)
  region size 4096K, 36 young (147456K), 4 survivors (16384K)
 Metaspace       used 127568K, committed 130240K, reserved 1179648K
  class space    used 17902K, committed 19200K, reserved 1048576K
}
Event: 86.279 GC heap after
{Heap after GC invocations=59 (full 0):
 garbage-first heap   total 393216K, used 205941K [0x0000000600000000, 0x0000000800000000)
  region size 4096K, 5 young (20480K), 5 survivors (20480K)
 Metaspace       used 127568K, committed 130240K, reserved 1179648K
  class space    used 17902K, committed 19200K, reserved 1048576K
}
Event: 89.237 GC heap before
{Heap before GC invocations=59 (full 0):
 garbage-first heap   total 393216K, used 337013K [0x0000000600000000, 0x0000000800000000)
  region size 4096K, 38 young (155648K), 5 survivors (20480K)
 Metaspace       used 137137K, committed 139904K, reserved 1179648K
  class space    used 19335K, committed 20672K, reserved 1048576K
}
Event: 89.278 GC heap after
{Heap after GC invocations=60 (full 0):
 garbage-first heap   total 393216K, used 216172K [0x0000000600000000, 0x0000000800000000)
  region size 4096K, 5 young (20480K), 5 survivors (20480K)
 Metaspace       used 137137K, committed 139904K, reserved 1179648K
  class space    used 19335K, committed 20672K, reserved 1048576K
}
Event: 92.515 GC heap before
{Heap before GC invocations=60 (full 0):
 garbage-first heap   total 393216K, used 351340K [0x0000000600000000, 0x0000000800000000)
  region size 4096K, 38 young (155648K), 5 survivors (20480K)
 Metaspace       used 145498K, committed 148352K, reserved 1179648K
  class space    used 20528K, committed 21888K, reserved 1048576K
}
Event: 92.548 GC heap after
{Heap after GC invocations=61 (full 0):
 garbage-first heap   total 393216K, used 224667K [0x0000000600000000, 0x0000000800000000)
  region size 4096K, 5 young (20480K), 5 survivors (20480K)
 Metaspace       used 145498K, committed 148352K, reserved 1179648K
  class space    used 20528K, committed 21888K, reserved 1048576K
}
Event: 96.268 GC heap before
{Heap before GC invocations=61 (full 0):
 garbage-first heap   total 393216K, used 355739K [0x0000000600000000, 0x0000000800000000)
  region size 4096K, 37 young (151552K), 5 survivors (20480K)
 Metaspace       used 148244K, committed 151232K, reserved 1179648K
  class space    used 20956K, committed 22400K, reserved 1048576K
}
Event: 96.311 GC heap after
{Heap after GC invocations=62 (full 0):
 garbage-first heap   total 393216K, used 236583K [0x0000000600000000, 0x0000000800000000)
  region size 4096K, 5 young (20480K), 5 survivors (20480K)
 Metaspace       used 148244K, committed 151232K, reserved 1179648K
  class space    used 20956K, committed 22400K, reserved 1048576K
}
Event: 100.415 GC heap before
{Heap before GC invocations=62 (full 0):
 garbage-first heap   total 393216K, used 359463K [0x0000000600000000, 0x0000000800000000)
  region size 4096K, 35 young (143360K), 5 survivors (20480K)
 Metaspace       used 148428K, committed 151424K, reserved 1179648K
  class space    used 20981K, committed 22400K, reserved 1048576K
}
Event: 100.467 GC heap after
{Heap after GC invocations=63 (full 0):
 garbage-first heap   total 475136K, used 248509K [0x0000000600000000, 0x0000000800000000)
  region size 4096K, 3 young (12288K), 3 survivors (12288K)
 Metaspace       used 148428K, committed 151424K, reserved 1179648K
  class space    used 20981K, committed 22400K, reserved 1048576K
}

