# JRE version: OpenJDK Runtime Environment Temurin-17.0.16+8 (17.0.16+8) (build 17.0.16+8)
# Java VM: OpenJDK 64-Bit Server VM Temurin-17.0.16+8 (17.0.16+8, mixed mode, sharing, tiered, compressed oops, compressed class ptrs, g1 gc, windows-amd64)
GC Precious Log:
 CPUs: 4 total, 4 available
 Memory: 8071M
 Large Page Support: Disabled
 NUMA Support: Disabled
 Compressed Oops: Enabled (Zero based)
 Heap Region Size: 4M
 Heap Min Capacity: 8M
 Heap Initial Capacity: 128M
 Heap Max Capacity: 8G
 Pre-touch: Disabled
 Parallel Workers: 4
 Concurrent Workers: 1
 Concurrent Refinement Workers: 4
 Periodic GC: Disabled
Heap:
 garbage-first heap   total 438272K, used 219326K [0x0000000600000000, 0x0000000800000000)
  region size 4096K, 2 young (8192K), 2 survivors (8192K)
 Metaspace       used 114346K, committed 115968K, reserved 1179648K
  class space    used 16083K, committed 16832K, reserved 1048576K
GC Heap History (20 events):
Event: 75.966 GC heap after
{Heap after GC invocations=52 (full 0):
 garbage-first heap   total 282624K, used 153592K [0x0000000600000000, 0x0000000800000000)
  region size 4096K, 3 young (12288K), 3 survivors (12288K)
 Metaspace       used 102260K, committed 103616K, reserved 1179648K
  class space    used 14479K, committed 15104K, reserved 1048576K
}
Event: 77.635 GC heap before
{Heap before GC invocations=53 (full 0):
 garbage-first heap   total 294912K, used 223224K [0x0000000600000000, 0x0000000800000000)
  region size 4096K, 21 young (86016K), 3 survivors (12288K)
 Metaspace       used 102388K, committed 103744K, reserved 1179648K
  class space    used 14484K, committed 15104K, reserved 1048576K
}
Event: 77.660 GC heap after
{Heap after GC invocations=54 (full 0):
 garbage-first heap   total 294912K, used 158786K [0x0000000600000000, 0x0000000800000000)
  region size 4096K, 2 young (8192K), 2 survivors (8192K)
 Metaspace       used 102388K, committed 103744K, reserved 1179648K
  class space    used 14484K, committed 15104K, reserved 1048576K
}
Event: 78.980 GC heap before
{Heap before GC invocations=54 (full 0):
 garbage-first heap   total 294912K, used 236610K [0x0000000600000000, 0x0000000800000000)
  region size 4096K, 21 young (86016K), 2 survivors (8192K)
 Metaspace       used 102388K, committed 103744K, reserved 1179648K
  class space    used 14484K, committed 15104K, reserved 1048576K
}
Event: 78.994 GC heap after
{Heap after GC invocations=55 (full 0):
 garbage-first heap   total 356352K, used 160509K [0x0000000600000000, 0x0000000800000000)
  region size 4096K, 2 young (8192K), 2 survivors (8192K)
 Metaspace       used 102388K, committed 103744K, reserved 1179648K
  class space    used 14484K, committed 15104K, reserved 1048576K
}
Event: 81.172 GC heap before
{Heap before GC invocations=56 (full 0):
 garbage-first heap   total 356352K, used 283389K [0x0000000600000000, 0x0000000800000000)
  region size 4096K, 33 young (135168K), 2 survivors (8192K)
 Metaspace       used 102576K, committed 103872K, reserved 1179648K
  class space    used 14499K, committed 15104K, reserved 1048576K
}
Event: 81.200 GC heap after
{Heap after GC invocations=57 (full 0):
 garbage-first heap   total 356352K, used 174772K [0x0000000600000000, 0x0000000800000000)
  region size 4096K, 5 young (20480K), 5 survivors (20480K)
 Metaspace       used 102576K, committed 103872K, reserved 1179648K
  class space    used 14499K, committed 15104K, reserved 1048576K
}
Event: 83.187 GC heap before
{Heap before GC invocations=57 (full 0):
 garbage-first heap   total 356352K, used 277172K [0x0000000600000000, 0x0000000800000000)
  region size 4096K, 30 young (122880K), 5 survivors (20480K)
 Metaspace       used 105192K, committed 106624K, reserved 1179648K
  class space    used 14883K, committed 15552K, reserved 1048576K
}
Event: 83.226 GC heap after
{Heap after GC invocations=58 (full 0):
 garbage-first heap   total 356352K, used 189168K [0x0000000600000000, 0x0000000800000000)
  region size 4096K, 4 young (16384K), 4 survivors (16384K)
 Metaspace       used 105192K, committed 106624K, reserved 1179648K
  class space    used 14883K, committed 15552K, reserved 1048576K
}
Event: 84.468 GC heap before
{Heap before GC invocations=58 (full 0):
 garbage-first heap   total 356352K, used 287472K [0x0000000600000000, 0x0000000800000000)
  region size 4096K, 28 young (114688K), 4 survivors (16384K)
 Metaspace       used 108546K, committed 109952K, reserved 1179648K
  class space    used 15337K, committed 16000K, reserved 1048576K
}
Event: 84.492 GC heap after
{Heap after GC invocations=59 (full 0):
 garbage-first heap   total 356352K, used 193726K [0x0000000600000000, 0x0000000800000000)
  region size 4096K, 2 young (8192K), 2 survivors (8192K)
 Metaspace       used 108546K, committed 109952K, reserved 1179648K
  class space    used 15337K, committed 16000K, reserved 1048576K
}
Event: 88.793 GC heap before
{Heap before GC invocations=60 (full 0):
 garbage-first heap   total 376832K, used 287934K [0x0000000600000000, 0x0000000800000000)
  region size 4096K, 25 young (102400K), 2 survivors (8192K)
 Metaspace       used 113180K, committed 114624K, reserved 1179648K
  class space    used 15962K, committed 16640K, reserved 1048576K
}
Event: 88.815 GC heap after
{Heap after GC invocations=61 (full 0):
 garbage-first heap   total 376832K, used 198938K [0x0000000600000000, 0x0000000800000000)
  region size 4096K, 3 young (12288K), 3 survivors (12288K)
 Metaspace       used 113180K, committed 114624K, reserved 1179648K
  class space    used 15962K, committed 16640K, reserved 1048576K
}
Event: 91.440 GC heap before
{Heap before GC invocations=61 (full 0):
 garbage-first heap   total 376832K, used 297242K [0x0000000600000000, 0x0000000800000000)
  region size 4096K, 28 young (114688K), 3 survivors (12288K)
 Metaspace       used 113865K, committed 115392K, reserved 1179648K
  class space    used 16037K, committed 16768K, reserved 1048576K
}
Event: 91.467 GC heap after
{Heap after GC invocations=62 (full 0):
 garbage-first heap   total 376832K, used 206417K [0x0000000600000000, 0x0000000800000000)
  region size 4096K, 4 young (16384K), 4 survivors (16384K)
 Metaspace       used 113865K, committed 115392K, reserved 1179648K
  class space    used 16037K, committed 16768K, reserved 1048576K
}
Event: 93.116 GC heap before
{Heap before GC invocations=63 (full 0):
 garbage-first heap   total 438272K, used 296529K [0x0000000600000000, 0x0000000800000000)
  region size 4096K, 27 young (110592K), 4 survivors (16384K)
 Metaspace       used 114192K, committed 115776K, reserved 1179648K
  class space    used 16074K, committed 16832K, reserved 1048576K
}
Event: 93.154 GC heap after
{Heap after GC invocations=64 (full 0):
 garbage-first heap   total 438272K, used 213826K [0x0000000600000000, 0x0000000800000000)
  region size 4096K, 4 young (16384K), 4 survivors (16384K)
 Metaspace       used 114192K, committed 115776K, reserved 1179648K
  class space    used 16074K, committed 16832K, reserved 1048576K
}
Event: 93.223 GC heap before
{Heap before GC invocations=64 (full 0):
 garbage-first heap   total 438272K, used 217922K [0x0000000600000000, 0x0000000800000000)
  region size 4096K, 5 young (20480K), 4 survivors (16384K)
 Metaspace       used 114192K, committed 115776K, reserved 1179648K
  class space    used 16074K, committed 16832K, reserved 1048576K
}
Event: 93.252 GC heap after
{Heap after GC invocations=65 (full 0):
 garbage-first heap   total 438272K, used 214173K [0x0000000600000000, 0x0000000800000000)
  region size 4096K, 1 young (4096K), 1 survivors (4096K)
 Metaspace       used 114192K, committed 115776K, reserved 1179648K
  class space    used 16074K, committed 16832K, reserved 1048576K
}
Event: 95.793 GC heap before
{Heap before GC invocations=65 (full 0):
 garbage-first heap   total 438272K, used 349341K [0x0000000600000000, 0x0000000800000000)
  region size 4096K, 35 young (143360K), 1 survivors (4096K)
 Metaspace       used 114346K, committed 115968K, reserved 1179648K
  class space    used 16083K, committed 16832K, reserved 1048576K
}

