# JRE version: OpenJDK Runtime Environment Temurin-17.0.16+8 (17.0.16+8) (build 17.0.16+8)
# Java VM: OpenJDK 64-Bit Server VM Temurin-17.0.16+8 (17.0.16+8, mixed mode, sharing, tiered, compressed oops, compressed class ptrs, g1 gc, windows-amd64)
GC Precious Log:
 CPUs: 4 total, 4 available
 Memory: 8071M
 Large Page Support: Disabled
 NUMA Support: Disabled
 Compressed Oops: Enabled (Zero based)
 Heap Region Size: 4M
 Heap Min Capacity: 8M
 Heap Initial Capacity: 128M
 Heap Max Capacity: 8G
 Pre-touch: Disabled
 Parallel Workers: 4
 Concurrent Workers: 1
 Concurrent Refinement Workers: 4
 Periodic GC: Disabled
Heap:
 garbage-first heap   total 765952K, used 302190K [0x0000000600000000, 0x0000000800000000)
  region size 4096K, 1 young (4096K), 1 survivors (4096K)
 Metaspace       used 180027K, committed 181504K, reserved 1245184K
  class space    used 23705K, committed 24448K, reserved 1048576K
GC Heap History (20 events):
Event: 239.024 GC heap after
{Heap after GC invocations=69 (full 0):
 garbage-first heap   total 630784K, used 203624K [0x0000000600000000, 0x0000000800000000)
  region size 4096K, 1 young (4096K), 1 survivors (4096K)
 Metaspace       used 136804K, committed 138176K, reserved 1179648K
  class space    used 18884K, committed 19520K, reserved 1048576K
}
Event: 261.641 GC heap before
{Heap before GC invocations=69 (full 0):
 garbage-first heap   total 630784K, used 392040K [0x0000000600000000, 0x0000000800000000)
  region size 4096K, 47 young (192512K), 1 survivors (4096K)
 Metaspace       used 153798K, committed 155200K, reserved 1245184K
  class space    used 20688K, committed 21376K, reserved 1048576K
}
Event: 262.216 GC heap after
{Heap after GC invocations=70 (full 0):
 garbage-first heap   total 630784K, used 224858K [0x0000000600000000, 0x0000000800000000)
  region size 4096K, 6 young (24576K), 6 survivors (24576K)
 Metaspace       used 153798K, committed 155200K, reserved 1245184K
  class space    used 20688K, committed 21376K, reserved 1048576K
}
Event: 266.227 GC heap before
{Heap before GC invocations=70 (full 0):
 garbage-first heap   total 630784K, used 237146K [0x0000000600000000, 0x0000000800000000)
  region size 4096K, 9 young (36864K), 6 survivors (24576K)
 Metaspace       used 155186K, committed 156608K, reserved 1245184K
  class space    used 20820K, committed 21504K, reserved 1048576K
}
Event: 266.411 GC heap after
{Heap after GC invocations=71 (full 0):
 garbage-first heap   total 630784K, used 227883K [0x0000000600000000, 0x0000000800000000)
  region size 4096K, 1 young (4096K), 1 survivors (4096K)
 Metaspace       used 155186K, committed 156608K, reserved 1245184K
  class space    used 20820K, committed 21504K, reserved 1048576K
}
Event: 302.057 GC heap before
{Heap before GC invocations=71 (full 0):
 garbage-first heap   total 630784K, used 379435K [0x0000000600000000, 0x0000000800000000)
  region size 4096K, 38 young (155648K), 1 survivors (4096K)
 Metaspace       used 166631K, committed 168064K, reserved 1245184K
  class space    used 22171K, committed 22848K, reserved 1048576K
}
Event: 302.230 GC heap after
{Heap after GC invocations=72 (full 0):
 garbage-first heap   total 765952K, used 243081K [0x0000000600000000, 0x0000000800000000)
  region size 4096K, 5 young (20480K), 5 survivors (20480K)
 Metaspace       used 166631K, committed 168064K, reserved 1245184K
  class space    used 22171K, committed 22848K, reserved 1048576K
}
Event: 302.770 GC heap before
{Heap before GC invocations=72 (full 0):
 garbage-first heap   total 765952K, used 259465K [0x0000000600000000, 0x0000000800000000)
  region size 4096K, 9 young (36864K), 5 survivors (20480K)
 Metaspace       used 166632K, committed 168064K, reserved 1245184K
  class space    used 22171K, committed 22848K, reserved 1048576K
}
Event: 302.849 GC heap after
{Heap after GC invocations=73 (full 0):
 garbage-first heap   total 765952K, used 249733K [0x0000000600000000, 0x0000000800000000)
  region size 4096K, 2 young (8192K), 2 survivors (8192K)
 Metaspace       used 166632K, committed 168064K, reserved 1245184K
  class space    used 22171K, committed 22848K, reserved 1048576K
}
Event: 305.874 GC heap before
{Heap before GC invocations=73 (full 0):
 garbage-first heap   total 765952K, used 343941K [0x0000000600000000, 0x0000000800000000)
  region size 4096K, 25 young (102400K), 2 survivors (8192K)
 Metaspace       used 167137K, committed 168512K, reserved 1245184K
  class space    used 22183K, committed 22848K, reserved 1048576K
}
Event: 305.960 GC heap after
{Heap after GC invocations=74 (full 0):
 garbage-first heap   total 765952K, used 287402K [0x0000000600000000, 0x0000000800000000)
  region size 4096K, 4 young (16384K), 4 survivors (16384K)
 Metaspace       used 167137K, committed 168512K, reserved 1245184K
  class space    used 22183K, committed 22848K, reserved 1048576K
}
Event: 309.321 GC heap before
{Heap before GC invocations=74 (full 0):
 garbage-first heap   total 765952K, used 348842K [0x0000000600000000, 0x0000000800000000)
  region size 4096K, 19 young (77824K), 4 survivors (16384K)
 Metaspace       used 167293K, committed 168640K, reserved 1245184K
  class space    used 22184K, committed 22848K, reserved 1048576K
}
Event: 309.380 GC heap after
{Heap after GC invocations=75 (full 0):
 garbage-first heap   total 765952K, used 307200K [0x0000000600000000, 0x0000000800000000)
  region size 4096K, 3 young (12288K), 3 survivors (12288K)
 Metaspace       used 167293K, committed 168640K, reserved 1245184K
  class space    used 22184K, committed 22848K, reserved 1048576K
}
Event: 329.323 GC heap before
{Heap before GC invocations=75 (full 0):
 garbage-first heap   total 765952K, used 397312K [0x0000000600000000, 0x0000000800000000)
  region size 4096K, 25 young (102400K), 3 survivors (12288K)
 Metaspace       used 170619K, committed 172096K, reserved 1245184K
  class space    used 22427K, committed 23168K, reserved 1048576K
}
Event: 329.420 GC heap after
{Heap after GC invocations=76 (full 0):
 garbage-first heap   total 765952K, used 324678K [0x0000000600000000, 0x0000000800000000)
  region size 4096K, 4 young (16384K), 4 survivors (16384K)
 Metaspace       used 170619K, committed 172096K, reserved 1245184K
  class space    used 22427K, committed 23168K, reserved 1048576K
}
Event: 351.828 GC heap before
{Heap before GC invocations=76 (full 0):
 garbage-first heap   total 765952K, used 390214K [0x0000000600000000, 0x0000000800000000)
  region size 4096K, 21 young (86016K), 4 survivors (16384K)
 Metaspace       used 172642K, committed 174080K, reserved 1245184K
  class space    used 22715K, committed 23424K, reserved 1048576K
}
Event: 351.936 GC heap after
{Heap after GC invocations=77 (full 0):
 garbage-first heap   total 765952K, used 332132K [0x0000000600000000, 0x0000000800000000)
  region size 4096K, 2 young (8192K), 2 survivors (8192K)
 Metaspace       used 172642K, committed 174080K, reserved 1245184K
  class space    used 22715K, committed 23424K, reserved 1048576K
}
Event: 356.761 GC heap before
{Heap before GC invocations=78 (full 0):
 garbage-first heap   total 765952K, used 438628K [0x0000000600000000, 0x0000000800000000)
  region size 4096K, 34 young (139264K), 2 survivors (8192K)
 Metaspace       used 178125K, committed 179584K, reserved 1245184K
  class space    used 23473K, committed 24192K, reserved 1048576K
}
Event: 356.792 GC heap after
{Heap after GC invocations=79 (full 0):
 garbage-first heap   total 765952K, used 315394K [0x0000000600000000, 0x0000000800000000)
  region size 4096K, 4 young (16384K), 4 survivors (16384K)
 Metaspace       used 178125K, committed 179584K, reserved 1245184K
  class space    used 23473K, committed 24192K, reserved 1048576K
}
Event: 357.495 GC heap before
{Heap before GC invocations=79 (full 0):
 garbage-first heap   total 765952K, used 335874K [0x0000000600000000, 0x0000000800000000)
  region size 4096K, 9 young (36864K), 4 survivors (16384K)
 Metaspace       used 180027K, committed 181504K, reserved 1245184K
  class space    used 23705K, committed 24448K, reserved 1048576K
}

