# JRE version: OpenJDK Runtime Environment Temurin-17.0.16+8 (17.0.16+8) (build 17.0.16+8)
# Java VM: OpenJDK 64-Bit Server VM Temurin-17.0.16+8 (17.0.16+8, mixed mode, sharing, tiered, compressed oops, compressed class ptrs, g1 gc, windows-amd64)
GC Precious Log:
 CPUs: 4 total, 4 available
 Memory: 8071M
 Large Page Support: Disabled
 NUMA Support: Disabled
 Compressed Oops: Enabled (Zero based)
 Heap Region Size: 4M
 Heap Min Capacity: 8M
 Heap Initial Capacity: 128M
 Heap Max Capacity: 8G
 Pre-touch: Disabled
 Parallel Workers: 4
 Concurrent Workers: 1
 Concurrent Refinement Workers: 4
 Periodic GC: Disabled
Heap:
 garbage-first heap   total 409600K, used 208844K [0x0000000600000000, 0x0000000800000000)
  region size 4096K, 4 young (16384K), 4 survivors (16384K)
 Metaspace       used 114908K, committed 116352K, reserved 1179648K
  class space    used 16165K, committed 16896K, reserved 1048576K
GC Heap History (20 events):
Event: 61.000 GC heap after
{Heap after GC invocations=33 (full 0):
 garbage-first heap   total 327680K, used 161030K [0x0000000600000000, 0x0000000800000000)
  region size 4096K, 3 young (12288K), 3 survivors (12288K)
 Metaspace       used 106249K, committed 107520K, reserved 1179648K
  class space    used 14981K, committed 15616K, reserved 1048576K
}
Event: 61.941 GC heap before
{Heap before GC invocations=33 (full 0):
 garbage-first heap   total 327680K, used 218374K [0x0000000600000000, 0x0000000800000000)
  region size 4096K, 19 young (77824K), 3 survivors (12288K)
 Metaspace       used 108857K, committed 110080K, reserved 1179648K
  class space    used 15328K, committed 15936K, reserved 1048576K
}
Event: 61.963 GC heap after
{Heap after GC invocations=34 (full 0):
 garbage-first heap   total 393216K, used 165912K [0x0000000600000000, 0x0000000800000000)
  region size 4096K, 4 young (16384K), 4 survivors (16384K)
 Metaspace       used 108857K, committed 110080K, reserved 1179648K
  class space    used 15328K, committed 15936K, reserved 1048576K
}
Event: 73.386 GC heap before
{Heap before GC invocations=35 (full 0):
 garbage-first heap   total 393216K, used 309272K [0x0000000600000000, 0x0000000800000000)
  region size 4096K, 39 young (159744K), 4 survivors (16384K)
 Metaspace       used 113619K, committed 115008K, reserved 1179648K
  class space    used 16028K, committed 16704K, reserved 1048576K
}
Event: 73.568 GC heap after
{Heap after GC invocations=36 (full 0):
 garbage-first heap   total 393216K, used 176582K [0x0000000600000000, 0x0000000800000000)
  region size 4096K, 4 young (16384K), 4 survivors (16384K)
 Metaspace       used 113619K, committed 115008K, reserved 1179648K
  class space    used 16028K, committed 16704K, reserved 1048576K
}
Event: 76.968 GC heap before
{Heap before GC invocations=37 (full 0):
 garbage-first heap   total 409600K, used 311750K [0x0000000600000000, 0x0000000800000000)
  region size 4096K, 37 young (151552K), 4 survivors (16384K)
 Metaspace       used 114165K, committed 115584K, reserved 1179648K
  class space    used 16077K, committed 16768K, reserved 1048576K
}
Event: 78.801 GC heap after
{Heap after GC invocations=38 (full 0):
 garbage-first heap   total 409600K, used 186380K [0x0000000600000000, 0x0000000800000000)
  region size 4096K, 3 young (12288K), 3 survivors (12288K)
 Metaspace       used 114165K, committed 115584K, reserved 1179648K
  class space    used 16077K, committed 16768K, reserved 1048576K
}
Event: 79.490 GC heap before
{Heap before GC invocations=38 (full 0):
 garbage-first heap   total 409600K, used 194572K [0x0000000600000000, 0x0000000800000000)
  region size 4096K, 5 young (20480K), 3 survivors (12288K)
 Metaspace       used 114191K, committed 115648K, reserved 1179648K
  class space    used 16077K, committed 16768K, reserved 1048576K
}
Event: 79.598 GC heap after
{Heap after GC invocations=39 (full 0):
 garbage-first heap   total 409600K, used 186245K [0x0000000600000000, 0x0000000800000000)
  region size 4096K, 1 young (4096K), 1 survivors (4096K)
 Metaspace       used 114191K, committed 115648K, reserved 1179648K
  class space    used 16077K, committed 16768K, reserved 1048576K
}
Event: 81.049 GC heap before
{Heap before GC invocations=39 (full 0):
 garbage-first heap   total 409600K, used 202629K [0x0000000600000000, 0x0000000800000000)
  region size 4096K, 5 young (20480K), 1 survivors (4096K)
 Metaspace       used 114218K, committed 115648K, reserved 1179648K
  class space    used 16081K, committed 16768K, reserved 1048576K
}
Event: 81.062 GC heap after
{Heap after GC invocations=40 (full 0):
 garbage-first heap   total 409600K, used 186370K [0x0000000600000000, 0x0000000800000000)
  region size 4096K, 1 young (4096K), 1 survivors (4096K)
 Metaspace       used 114218K, committed 115648K, reserved 1179648K
  class space    used 16081K, committed 16768K, reserved 1048576K
}
Event: 83.077 GC heap before
{Heap before GC invocations=40 (full 0):
 garbage-first heap   total 409600K, used 206850K [0x0000000600000000, 0x0000000800000000)
  region size 4096K, 7 young (28672K), 1 survivors (4096K)
 Metaspace       used 114218K, committed 115648K, reserved 1179648K
  class space    used 16081K, committed 16768K, reserved 1048576K
}
Event: 83.086 GC heap after
{Heap after GC invocations=41 (full 0):
 garbage-first heap   total 409600K, used 187029K [0x0000000600000000, 0x0000000800000000)
  region size 4096K, 1 young (4096K), 1 survivors (4096K)
 Metaspace       used 114218K, committed 115648K, reserved 1179648K
  class space    used 16081K, committed 16768K, reserved 1048576K
}
Event: 84.644 GC heap before
{Heap before GC invocations=41 (full 0):
 garbage-first heap   total 409600K, used 248469K [0x0000000600000000, 0x0000000800000000)
  region size 4096K, 17 young (69632K), 1 survivors (4096K)
 Metaspace       used 114304K, committed 115776K, reserved 1179648K
  class space    used 16093K, committed 16832K, reserved 1048576K
}
Event: 84.658 GC heap after
{Heap after GC invocations=42 (full 0):
 garbage-first heap   total 409600K, used 190616K [0x0000000600000000, 0x0000000800000000)
  region size 4096K, 2 young (8192K), 2 survivors (8192K)
 Metaspace       used 114304K, committed 115776K, reserved 1179648K
  class space    used 16093K, committed 16832K, reserved 1048576K
}
Event: 85.945 GC heap before
{Heap before GC invocations=42 (full 0):
 garbage-first heap   total 409600K, used 256152K [0x0000000600000000, 0x0000000800000000)
  region size 4096K, 19 young (77824K), 2 survivors (8192K)
 Metaspace       used 114405K, committed 115840K, reserved 1179648K
  class space    used 16098K, committed 16832K, reserved 1048576K
}
Event: 85.967 GC heap after
{Heap after GC invocations=43 (full 0):
 garbage-first heap   total 409600K, used 194418K [0x0000000600000000, 0x0000000800000000)
  region size 4096K, 3 young (12288K), 3 survivors (12288K)
 Metaspace       used 114405K, committed 115840K, reserved 1179648K
  class space    used 16098K, committed 16832K, reserved 1048576K
}
Event: 87.243 GC heap before
{Heap before GC invocations=43 (full 0):
 garbage-first heap   total 409600K, used 259954K [0x0000000600000000, 0x0000000800000000)
  region size 4096K, 20 young (81920K), 3 survivors (12288K)
 Metaspace       used 114552K, committed 116032K, reserved 1179648K
  class space    used 16117K, committed 16832K, reserved 1048576K
}
Event: 87.294 GC heap after
{Heap after GC invocations=44 (full 0):
 garbage-first heap   total 409600K, used 200223K [0x0000000600000000, 0x0000000800000000)
  region size 4096K, 3 young (12288K), 3 survivors (12288K)
 Metaspace       used 114552K, committed 116032K, reserved 1179648K
  class space    used 16117K, committed 16832K, reserved 1048576K
}
Event: 89.006 GC heap before
{Heap before GC invocations=44 (full 0):
 garbage-first heap   total 409600K, used 294431K [0x0000000600000000, 0x0000000800000000)
  region size 4096K, 27 young (110592K), 3 survivors (12288K)
 Metaspace       used 114908K, committed 116352K, reserved 1179648K
  class space    used 16165K, committed 16896K, reserved 1048576K
}

